\BOOKMARK [1][-]{section.1}{\376\377\000I\000.\000\040\000P\000r\000e\000l\000i\000m\000i\000n\000a\000r\000i\000e\000s\000\040\000a\000n\000d\000\040\000N\000o\000t\000a\000t\000i\000o\000n}{}% 1
\BOOKMARK [2][-]{subsection.2}{\376\377\000S\000t\000a\000n\000d\000a\000r\000d\000\040\000a\000b\000b\000r\000e\000v\000i\000a\000t\000i\000o\000n\000s}{section.1}% 2
\BOOKMARK [1][-]{section.7}{\376\377\000I\000I\000.\000\040\000S\000e\000t\000s\000\040\000a\000n\000d\000\040\000t\000h\000e\000\040\000E\000x\000t\000e\000n\000s\000i\000o\000n\000a\000l\000i\000t\000y\000\040\000P\000r\000i\000n\000c\000i\000p\000l\000e}{}% 3
\BOOKMARK [2][-]{subsection.8}{\376\377\000W\000h\000a\000t\000\040\000i\000s\000\040\000a\000\040\000s\000e\000t\000?}{section.7}% 4
\BOOKMARK [2][-]{subsection.13}{\376\377\000F\000u\000n\000d\000a\000m\000e\000n\000t\000a\000l\000\040\000c\000h\000a\000r\000a\000c\000t\000e\000r\000i\000z\000a\000t\000i\000o\000n}{section.7}% 5
\BOOKMARK [1][-]{section.18}{\376\377\000I\000I\000I\000.\000\040\000B\000a\000s\000i\000c\000\040\000C\000o\000n\000s\000t\000r\000u\000c\000t\000i\000o\000n\000s}{}% 6
\BOOKMARK [2][-]{subsection.19}{\376\377\000A\000d\000j\000o\000i\000n\000i\000n\000g\000\040\000a\000n\000\040\000e\000l\000e\000m\000e\000n\000t}{section.18}% 7
\BOOKMARK [1][-]{section.24}{\376\377\000I\000V\000.\000\040\000C\000o\000m\000m\000o\000n\000\040\000S\000e\000t\000s\000\040\000a\000n\000d\000\040\000N\000o\000t\000a\000t\000i\000o\000n}{}% 8
\BOOKMARK [2][-]{subsection.25}{\376\377\000S\000p\000e\000c\000i\000a\000l\000\040\000s\000e\000t\000s}{section.24}% 9
\BOOKMARK [2][-]{subsection.30}{\376\377\000I\000n\000f\000i\000n\000i\000t\000e\000\040\000s\000e\000t\000s}{section.24}% 10
\BOOKMARK [1][-]{section.33}{\376\377\000V\000.\000\040\000S\000e\000t\000s\000\040\000S\000p\000e\000c\000i\000f\000i\000e\000d\000\040\000b\000y\000\040\000P\000r\000o\000p\000e\000r\000t\000i\000e\000s}{}% 11
\BOOKMARK [2][-]{subsection.34}{\376\377\000S\000e\000t\000-\000b\000u\000i\000l\000d\000e\000r\000\040\000n\000o\000t\000a\000t\000i\000o\000n}{section.33}% 12
\BOOKMARK [1][-]{section.39}{\376\377\000V\000I\000.\000\040\000S\000u\000b\000s\000e\000t\000s\000\040\000a\000n\000d\000\040\000P\000o\000w\000e\000r\000\040\000S\000e\000t\000s}{}% 13
\BOOKMARK [2][-]{subsection.40}{\376\377\000S\000u\000b\000s\000e\000t\000s}{section.39}% 14
\BOOKMARK [2][-]{subsection.45}{\376\377\000P\000o\000w\000e\000r\000\040\000s\000e\000t}{section.39}% 15
\BOOKMARK [1][-]{section.50}{\376\377\000V\000I\000I\000.\000\040\000U\000n\000i\000o\000n\000\040\000a\000n\000d\000\040\000I\000n\000t\000e\000r\000s\000e\000c\000t\000i\000o\000n}{}% 16
\BOOKMARK [2][-]{subsection.51}{\376\377\000B\000i\000n\000a\000r\000y\000\040\000o\000p\000e\000r\000a\000t\000i\000o\000n\000s}{section.50}% 17
\BOOKMARK [2][-]{subsection.56}{\376\377\000I\000n\000d\000e\000x\000e\000d\000\040\000u\000n\000i\000o\000n\000s\000\040\000a\000n\000d\000\040\000i\000n\000t\000e\000r\000s\000e\000c\000t\000i\000o\000n\000s}{section.50}% 18
\BOOKMARK [1][-]{section.63}{\376\377\000V\000I\000I\000I\000.\000\040\000O\000r\000d\000e\000r\000e\000d\000\040\000P\000a\000i\000r\000s\000\040\000a\000n\000d\000\040\000S\000e\000q\000u\000e\000n\000c\000e\000s}{}% 19
\BOOKMARK [2][-]{subsection.64}{\376\377\000O\000r\000d\000e\000r\000e\000d\000\040\000p\000a\000i\000r\000s}{section.63}% 20
\BOOKMARK [2][-]{subsection.69}{\376\377\000n\000-\000t\000u\000p\000l\000e\000s}{section.63}% 21
\BOOKMARK [2][-]{subsection.72}{\376\377\000S\000e\000g\000m\000e\000n\000t\000s\000\040\000o\000f\000\040\000a\000\040\000s\000e\000q\000u\000e\000n\000c\000e}{section.63}% 22
\BOOKMARK [2][-]{subsection.75}{\376\377\000A\000\040\000t\000e\000c\000h\000n\000i\000c\000a\000l\000\040\000l\000e\000m\000m\000a}{section.63}% 23
\BOOKMARK [1][-]{section.82}{\376\377\000I\000X\000.\000\040\000C\000a\000r\000t\000e\000s\000i\000a\000n\000\040\000P\000r\000o\000d\000u\000c\000t\000s\000\040\000a\000n\000d\000\040\000R\000e\000l\000a\000t\000i\000o\000n\000s}{}% 24
\BOOKMARK [2][-]{subsection.83}{\376\377\000C\000a\000r\000t\000e\000s\000i\000a\000n\000\040\000p\000r\000o\000d\000u\000c\000t\000s}{section.82}% 25
\BOOKMARK [2][-]{subsection.86}{\376\377\000B\000i\000n\000a\000r\000y\000\040\000r\000e\000l\000a\000t\000i\000o\000n\000s}{section.82}% 26
\BOOKMARK [2][-]{subsection.91}{\376\377\000D\000o\000m\000a\000i\000n\000,\000\040\000r\000a\000n\000g\000e\000,\000\040\000a\000n\000d\000\040\000f\000i\000e\000l\000d}{section.82}% 27
\BOOKMARK [2][-]{subsection.94}{\376\377\000n\000-\000a\000r\000y\000\040\000r\000e\000l\000a\000t\000i\000o\000n\000s\000\040\000a\000n\000d\000\040\000r\000e\000s\000t\000r\000i\000c\000t\000i\000o\000n}{section.82}% 28
\BOOKMARK [1][-]{section.101}{\376\377\000X\000.\000\040\000F\000u\000n\000c\000t\000i\000o\000n\000s\000\040\000a\000n\000d\000\040\000O\000p\000e\000r\000a\000t\000i\000o\000n\000s}{}% 29
\BOOKMARK [2][-]{subsection.102}{\376\377\000F\000u\000n\000c\000t\000i\000o\000n\000s}{section.101}% 30
\BOOKMARK [2][-]{subsection.105}{\376\377\000n\000-\000a\000r\000y\000\040\000o\000p\000e\000r\000a\000t\000i\000o\000n\000s\000\040\000a\000n\000d\000\040\000t\000h\000e\000i\000r\000\040\000r\000e\000s\000t\000r\000i\000c\000t\000i\000o\000n}{section.101}% 31
\BOOKMARK [1][-]{section.116}{\376\377\000X\000I\000.\000\040\000S\000t\000a\000n\000d\000a\000r\000d\000\040\000C\000l\000a\000s\000s\000e\000s\000\040\000o\000f\000\040\000R\000e\000l\000a\000t\000i\000o\000n\000s}{}% 32
\BOOKMARK [2][-]{subsection.117}{\376\377\000B\000a\000s\000i\000c\000\040\000p\000r\000o\000p\000e\000r\000t\000i\000e\000s}{section.116}% 33
\BOOKMARK [2][-]{subsection.120}{\376\377\000E\000q\000u\000i\000v\000a\000l\000e\000n\000c\000e\000\040\000r\000e\000l\000a\000t\000i\000o\000n\000s\000\040\000a\000n\000d\000\040\000o\000r\000d\000e\000r\000i\000n\000g\000s}{section.116}% 34
\BOOKMARK [1][-]{section.125}{\376\377\000X\000I\000I\000.\000\040\000E\000q\000u\000i\000v\000a\000l\000e\000n\000c\000e\000\040\000C\000l\000a\000s\000s\000e\000s}{}% 35
